<?xml version="1.0" encoding="UTF-8" ?>
<testsuite tests="1" failures="0" name="com.tecsup.cps.sesion02.AppTest" time="0.016" errors="0" skipped="0">
  <properties>
    <property name="java.runtime.name" value="Java(TM) SE Runtime Environment"/>
    <property name="sun.boot.library.path" value="D:\Programas Desarrollo John\JDK - NetBeansIDE8.2\jdk1.8.0_111\jre\bin"/>
    <property name="java.vm.version" value="25.111-b14"/>
    <property name="java.vm.vendor" value="Oracle Corporation"/>
    <property name="maven.multiModuleProjectDirectory" value="D:/Programas Desarrollo John/Tecsup 4to Ciclo/Construcción y Pruebas de Software/@4C15B/4C15B-2018-2-JFT-Project-2"/>
    <property name="java.vendor.url" value="http://java.oracle.com/"/>
    <property name="path.separator" value=";"/>
    <property name="guice.disable.misplaced.annotation.check" value="true"/>
    <property name="java.vm.name" value="Java HotSpot(TM) 64-Bit Server VM"/>
    <property name="file.encoding.pkg" value="sun.io"/>
    <property name="user.script" value=""/>
    <property name="user.country" value="PE"/>
    <property name="sun.java.launcher" value="SUN_STANDARD"/>
    <property name="sun.os.patch.level" value=""/>
    <property name="java.vm.specification.name" value="Java Virtual Machine Specification"/>
    <property name="user.dir" value="D:\Programas Desarrollo John\Tecsup 4to Ciclo\Construcción y Pruebas de Software\@4C15B\4C15B-2018-2-JFT-Project-2"/>
    <property name="java.runtime.version" value="1.8.0_111-b14"/>
    <property name="java.awt.graphicsenv" value="sun.awt.Win32GraphicsEnvironment"/>
    <property name="java.endorsed.dirs" value="D:\Programas Desarrollo John\JDK - NetBeansIDE8.2\jdk1.8.0_111\jre\lib\endorsed"/>
    <property name="os.arch" value="amd64"/>
    <property name="java.io.tmpdir" value="C:\Users\Toshiba\AppData\Local\Temp\"/>
    <property name="line.separator" value="
"/>
    <property name="java.vm.specification.vendor" value="Oracle Corporation"/>
    <property name="user.variant" value=""/>
    <property name="os.name" value="Windows 10"/>
    <property name="classworlds.conf" value="D:/Programas Desarrollo John/apache-maven-3.5.4/bin/m2.conf"/>
    <property name="sun.jnu.encoding" value="Cp1252"/>
    <property name="java.library.path" value="D:\Programas Desarrollo John\JDK - NetBeansIDE8.2\jdk1.8.0_111\bin;C:\WINDOWS\Sun\Java\bin;C:\WINDOWS\system32;C:\WINDOWS;C:\Users\Toshiba\bin;D:\Programas Desarrollo John\Git\Git\mingw64\bin;D:\Programas Desarrollo John\Git\Git\usr\local\bin;D:\Programas Desarrollo John\Git\Git\usr\bin;D:\Programas Desarrollo John\Git\Git\usr\bin;D:\Programas Desarrollo John\Git\Git\mingw64\bin;D:\Programas Desarrollo John\Git\Git\usr\bin;C:\Users\Toshiba\bin;C:\ProgramData\Oracle\Java\javapath;C:\Program Files (x86)\Intel\iCLS Client;C:\Program Files\Intel\iCLS Client;C:\Windows\system32;C:\Windows;C:\Windows\System32\Wbem;C:\Windows\System32\WindowsPowerShell\v1.0;C:\Program Files (x86)\Intel\Intel(R) Management Engine Components\DAL;C:\Program Files\Intel\Intel(R) Management Engine Components\DAL;C:\Program Files (x86)\Intel\Intel(R) Management Engine Components\IPT;C:\Program Files\Intel\Intel(R) Management Engine Components\IPT;C:\Program Files (x86)\NVIDIA Corporation\PhysX\Common;C:\Program Files\Common Files\Autodesk Shared;C:\WINDOWS\system32;C:\WINDOWS;C:\WINDOWS\System32\Wbem;C:\WINDOWS\System32\WindowsPowerShell\v1.0;C:\Program Files\Intel\WiFi\bin;C:\Program Files\Common Files\Intel\WirelessCommon;C:\Program Files (x86)\Common Files\LaserFiche\System;D:\Programas Desarrollo John\Brackets\command;C:\WINDOWS\System32\OpenSSH;D:\Programas Desarrollo John\nodejs;C:\xampp\php;C:\composer;D:\Programas Desarrollo John\Microsoft VS Code\bin;D:\Programas Desarrollo John\apache-maven-3.5.4;D:\Programas Desarrollo John\apache-maven-3.5.4\bin&quot;;D:\Programas Desarrollo John\apache-maven-3.5.4\bin;D:\Programas Desarrollo John\Git\Git\cmd;C:\Users\Toshiba\AppData\Local\Programs\Python\Python37\Scripts;C:\Users\Toshiba\AppData\Local\Programs\Python\Python37;C:\Users\Toshiba\AppData\Local\Microsoft\WindowsApps;C:\Users\Toshiba\AppData\Roaming\npm;C:\Users\Toshiba\AppData\Roaming\Composer\vendor\bin;C:\Program Files\MongoDB\Server\3.6\bin;D:\Programas Desarrollo John\Git\Git\usr\bin\vendor_perl;D:\Programas Desarrollo John\Git\Git\usr\bin\core_perl;."/>
    <property name="maven.conf" value="D:/Programas Desarrollo John/apache-maven-3.5.4/conf"/>
    <property name="java.specification.name" value="Java Platform API Specification"/>
    <property name="java.class.version" value="52.0"/>
    <property name="sun.management.compiler" value="HotSpot 64-Bit Tiered Compilers"/>
    <property name="os.version" value="10.0"/>
    <property name="library.jansi.path" value="D:/Programas Desarrollo John/apache-maven-3.5.4/lib/jansi-native"/>
    <property name="user.home" value="C:\Users\Toshiba"/>
    <property name="user.timezone" value="America/Bogota"/>
    <property name="java.awt.printerjob" value="sun.awt.windows.WPrinterJob"/>
    <property name="java.specification.version" value="1.8"/>
    <property name="file.encoding" value="Cp1252"/>
    <property name="user.name" value="Toshiba"/>
    <property name="java.class.path" value="D:/Programas Desarrollo John/apache-maven-3.5.4/boot/plexus-classworlds-2.5.2.jar"/>
    <property name="java.vm.specification.version" value="1.8"/>
    <property name="sun.arch.data.model" value="64"/>
    <property name="java.home" value="D:\Programas Desarrollo John\JDK - NetBeansIDE8.2\jdk1.8.0_111\jre"/>
    <property name="sun.java.command" value="org.codehaus.plexus.classworlds.launcher.Launcher clean test"/>
    <property name="java.specification.vendor" value="Oracle Corporation"/>
    <property name="user.language" value="es"/>
    <property name="awt.toolkit" value="sun.awt.windows.WToolkit"/>
    <property name="java.vm.info" value="mixed mode"/>
    <property name="java.version" value="1.8.0_111"/>
    <property name="java.ext.dirs" value="D:\Programas Desarrollo John\JDK - NetBeansIDE8.2\jdk1.8.0_111\jre\lib\ext;C:\WINDOWS\Sun\Java\lib\ext"/>
    <property name="sun.boot.class.path" value="D:\Programas Desarrollo John\JDK - NetBeansIDE8.2\jdk1.8.0_111\jre\lib\resources.jar;D:\Programas Desarrollo John\JDK - NetBeansIDE8.2\jdk1.8.0_111\jre\lib\rt.jar;D:\Programas Desarrollo John\JDK - NetBeansIDE8.2\jdk1.8.0_111\jre\lib\sunrsasign.jar;D:\Programas Desarrollo John\JDK - NetBeansIDE8.2\jdk1.8.0_111\jre\lib\jsse.jar;D:\Programas Desarrollo John\JDK - NetBeansIDE8.2\jdk1.8.0_111\jre\lib\jce.jar;D:\Programas Desarrollo John\JDK - NetBeansIDE8.2\jdk1.8.0_111\jre\lib\charsets.jar;D:\Programas Desarrollo John\JDK - NetBeansIDE8.2\jdk1.8.0_111\jre\lib\jfr.jar;D:\Programas Desarrollo John\JDK - NetBeansIDE8.2\jdk1.8.0_111\jre\classes"/>
    <property name="java.vendor" value="Oracle Corporation"/>
    <property name="maven.home" value="D:\Programas Desarrollo John\apache-maven-3.5.4"/>
    <property name="file.separator" value="\"/>
    <property name="java.vendor.url.bug" value="http://bugreport.sun.com/bugreport/"/>
    <property name="sun.cpu.endian" value="little"/>
    <property name="sun.io.unicode.encoding" value="UnicodeLittle"/>
    <property name="sun.desktop" value="windows"/>
    <property name="sun.cpu.isalist" value="amd64"/>
  </properties>
  <testcase classname="com.tecsup.cps.sesion02.AppTest" name="testApp" time="0.016"/>
</testsuite>